{"/Users/moisesperez/Desktop/EOM/mobile-challenge/expo-env.d.ts": {"path":"/Users/moisesperez/Desktop/EOM/mobile-challenge/expo-env.d.ts","statementMap":{},"fnMap":{},"branchMap":{},"s":{},"f":{},"b":{}}
,"/Users/moisesperez/Desktop/EOM/mobile-challenge/.expo/types/router.d.ts": {"path":"/Users/moisesperez/Desktop/EOM/mobile-challenge/.expo/types/router.d.ts","statementMap":{},"fnMap":{},"branchMap":{},"s":{},"f":{},"b":{}}
,"/Users/moisesperez/Desktop/EOM/mobile-challenge/api/hnApi.ts": {"path":"/Users/moisesperez/Desktop/EOM/mobile-challenge/api/hnApi.ts","statementMap":{"0":{"start":{"line":3,"column":21},"end":{"line":3,"column":52}},"1":{"start":{"line":5,"column":21},"end":{"line":7,"column":2}},"2":{"start":{"line":9,"column":35},"end":{"line":12,"column":1}},"3":{"start":{"line":10,"column":19},"end":{"line":10,"column":79}},"4":{"start":{"line":11,"column":2},"end":{"line":11,"column":23}}},"fnMap":{"0":{"name":"(anonymous_0)","decl":{"start":{"line":9,"column":35},"end":{"line":9,"column":36}},"loc":{"start":{"line":9,"column":63},"end":{"line":12,"column":1}},"line":9}},"branchMap":{"0":{"loc":{"start":{"line":9,"column":42},"end":{"line":9,"column":58}},"type":"default-arg","locations":[{"start":{"line":9,"column":57},"end":{"line":9,"column":58}}],"line":9}},"s":{"0":3,"1":3,"2":3,"3":0,"4":0},"f":{"0":0},"b":{"0":[0]},"_coverageSchema":"1a1c01bbd47fc00a2c39e90264f33305004495a9","hash":"1542498d03a78ba687b0f258bcfc9e5e8fcf7685"}
,"/Users/moisesperez/Desktop/EOM/mobile-challenge/app/_layout.tsx": {"path":"/Users/moisesperez/Desktop/EOM/mobile-challenge/app/_layout.tsx","statementMap":{"0":{"start":{"line":15,"column":0},"end":{"line":15,"column":36}},"1":{"start":{"line":18,"column":20},"end":{"line":26,"column":2}},"2":{"start":{"line":29,"column":30},"end":{"line":40,"column":1}},"3":{"start":{"line":31,"column":4},"end":{"line":31,"column":76}},"4":{"start":{"line":34,"column":18},"end":{"line":34,"column":65}},"5":{"start":{"line":35,"column":4},"end":{"line":35,"column":49}},"6":{"start":{"line":38,"column":4},"end":{"line":38,"column":55}},"7":{"start":{"line":42,"column":33},"end":{"line":44,"column":1}},"8":{"start":{"line":47,"column":22},"end":{"line":47,"column":38}},"9":{"start":{"line":48,"column":2},"end":{"line":50,"column":9}},"10":{"start":{"line":49,"column":4},"end":{"line":49,"column":29}},"11":{"start":{"line":52,"column":2},"end":{"line":63,"column":4}}},"fnMap":{"0":{"name":"(anonymous_0)","decl":{"start":{"line":30,"column":17},"end":{"line":30,"column":18}},"loc":{"start":{"line":30,"column":40},"end":{"line":32,"column":3}},"line":30},"1":{"name":"(anonymous_1)","decl":{"start":{"line":33,"column":17},"end":{"line":33,"column":18}},"loc":{"start":{"line":33,"column":29},"end":{"line":36,"column":3}},"line":33},"2":{"name":"(anonymous_2)","decl":{"start":{"line":37,"column":16},"end":{"line":37,"column":17}},"loc":{"start":{"line":37,"column":28},"end":{"line":39,"column":3}},"line":37},"3":{"name":"RootLayout","decl":{"start":{"line":46,"column":24},"end":{"line":46,"column":34}},"loc":{"start":{"line":46,"column":37},"end":{"line":64,"column":1}},"line":46},"4":{"name":"(anonymous_4)","decl":{"start":{"line":48,"column":12},"end":{"line":48,"column":13}},"loc":{"start":{"line":48,"column":18},"end":{"line":50,"column":3}},"line":48}},"branchMap":{"0":{"loc":{"start":{"line":35,"column":11},"end":{"line":35,"column":48}},"type":"cond-expr","locations":[{"start":{"line":35,"column":19},"end":{"line":35,"column":36}},{"start":{"line":35,"column":39},"end":{"line":35,"column":48}}],"line":35},"1":{"loc":{"start":{"line":57,"column":30},"end":{"line":57,"column":79}},"type":"cond-expr","locations":[{"start":{"line":57,"column":55},"end":{"line":57,"column":64}},{"start":{"line":57,"column":67},"end":{"line":57,"column":79}}],"line":57}},"s":{"0":0,"1":0,"2":0,"3":0,"4":0,"5":0,"6":0,"7":0,"8":0,"9":0,"10":0,"11":0},"f":{"0":0,"1":0,"2":0,"3":0,"4":0},"b":{"0":[0,0],"1":[0,0]}}
,"/Users/moisesperez/Desktop/EOM/mobile-challenge/app/article-webview.tsx": {"path":"/Users/moisesperez/Desktop/EOM/mobile-challenge/app/article-webview.tsx","statementMap":{"0":{"start":{"line":8,"column":25},"end":{"line":8,"column":79}},"1":{"start":{"line":9,"column":32},"end":{"line":9,"column":46}},"2":{"start":{"line":10,"column":28},"end":{"line":10,"column":43}},"3":{"start":{"line":12,"column":2},"end":{"line":21,"column":3}},"4":{"start":{"line":13,"column":4},"end":{"line":20,"column":6}},"5":{"start":{"line":16,"column":60},"end":{"line":16,"column":73}},"6":{"start":{"line":23,"column":2},"end":{"line":63,"column":4}},"7":{"start":{"line":26,"column":62},"end":{"line":26,"column":75}},"8":{"start":{"line":46,"column":63},"end":{"line":46,"column":78}},"9":{"start":{"line":54,"column":29},"end":{"line":54,"column":45}},"10":{"start":{"line":55,"column":27},"end":{"line":55,"column":44}},"11":{"start":{"line":57,"column":12},"end":{"line":57,"column":30}},"12":{"start":{"line":58,"column":12},"end":{"line":58,"column":27}},"13":{"start":{"line":66,"column":15},"end":{"line":149,"column":2}}},"fnMap":{"0":{"name":"ArticleWebViewScreen","decl":{"start":{"line":7,"column":24},"end":{"line":7,"column":44}},"loc":{"start":{"line":7,"column":47},"end":{"line":64,"column":1}},"line":7},"1":{"name":"(anonymous_1)","decl":{"start":{"line":16,"column":54},"end":{"line":16,"column":55}},"loc":{"start":{"line":16,"column":60},"end":{"line":16,"column":73}},"line":16},"2":{"name":"(anonymous_2)","decl":{"start":{"line":26,"column":56},"end":{"line":26,"column":57}},"loc":{"start":{"line":26,"column":62},"end":{"line":26,"column":75}},"line":26},"3":{"name":"(anonymous_3)","decl":{"start":{"line":46,"column":57},"end":{"line":46,"column":58}},"loc":{"start":{"line":46,"column":63},"end":{"line":46,"column":78}},"line":46},"4":{"name":"(anonymous_4)","decl":{"start":{"line":54,"column":23},"end":{"line":54,"column":24}},"loc":{"start":{"line":54,"column":29},"end":{"line":54,"column":45}},"line":54},"5":{"name":"(anonymous_5)","decl":{"start":{"line":55,"column":21},"end":{"line":55,"column":22}},"loc":{"start":{"line":55,"column":27},"end":{"line":55,"column":44}},"line":55},"6":{"name":"(anonymous_6)","decl":{"start":{"line":56,"column":19},"end":{"line":56,"column":20}},"loc":{"start":{"line":56,"column":25},"end":{"line":59,"column":11}},"line":56}},"branchMap":{"0":{"loc":{"start":{"line":12,"column":2},"end":{"line":21,"column":3}},"type":"if","locations":[{"start":{"line":12,"column":2},"end":{"line":21,"column":3}},{"start":{},"end":{}}],"line":12},"1":{"loc":{"start":{"line":30,"column":11},"end":{"line":30,"column":29}},"type":"binary-expr","locations":[{"start":{"line":30,"column":11},"end":{"line":30,"column":16}},{"start":{"line":30,"column":20},"end":{"line":30,"column":29}}],"line":30},"2":{"loc":{"start":{"line":35,"column":7},"end":{"line":40,"column":7}},"type":"binary-expr","locations":[{"start":{"line":35,"column":7},"end":{"line":35,"column":14}},{"start":{"line":36,"column":8},"end":{"line":39,"column":15}}],"line":35},"3":{"loc":{"start":{"line":42,"column":7},"end":{"line":61,"column":7}},"type":"cond-expr","locations":[{"start":{"line":43,"column":8},"end":{"line":49,"column":15}},{"start":{"line":51,"column":8},"end":{"line":60,"column":10}}],"line":42}},"s":{"0":3,"1":3,"2":3,"3":3,"4":1,"5":0,"6":2,"7":0,"8":0,"9":0,"10":0,"11":0,"12":0,"13":1},"f":{"0":3,"1":0,"2":0,"3":0,"4":0,"5":0,"6":0},"b":{"0":[1,2],"1":[2,0],"2":[2,2],"3":[0,2]},"_coverageSchema":"1a1c01bbd47fc00a2c39e90264f33305004495a9","hash":"e07001f8f5a52c641a8b307d2ec2f526bf0207b9"}
,"/Users/moisesperez/Desktop/EOM/mobile-challenge/app/(tabs)/_layout.tsx": {"path":"/Users/moisesperez/Desktop/EOM/mobile-challenge/app/(tabs)/_layout.tsx","statementMap":{"0":{"start":{"line":9,"column":2},"end":{"line":9,"column":72}},"1":{"start":{"line":13,"column":2},"end":{"line":41,"column":4}},"2":{"start":{"line":23,"column":37},"end":{"line":23,"column":77}},"3":{"start":{"line":30,"column":37},"end":{"line":30,"column":78}},"4":{"start":{"line":37,"column":36},"end":{"line":37,"column":77}}},"fnMap":{"0":{"name":"TabBarIcon","decl":{"start":{"line":5,"column":9},"end":{"line":5,"column":19}},"loc":{"start":{"line":8,"column":3},"end":{"line":10,"column":1}},"line":8},"1":{"name":"TabLayout","decl":{"start":{"line":12,"column":24},"end":{"line":12,"column":33}},"loc":{"start":{"line":12,"column":36},"end":{"line":42,"column":1}},"line":12},"2":{"name":"(anonymous_2)","decl":{"start":{"line":23,"column":22},"end":{"line":23,"column":23}},"loc":{"start":{"line":23,"column":37},"end":{"line":23,"column":77}},"line":23},"3":{"name":"(anonymous_3)","decl":{"start":{"line":30,"column":22},"end":{"line":30,"column":23}},"loc":{"start":{"line":30,"column":37},"end":{"line":30,"column":78}},"line":30},"4":{"name":"(anonymous_4)","decl":{"start":{"line":37,"column":22},"end":{"line":37,"column":23}},"loc":{"start":{"line":37,"column":36},"end":{"line":37,"column":77}},"line":37}},"branchMap":{},"s":{"0":0,"1":0,"2":0,"3":0,"4":0},"f":{"0":0,"1":0,"2":0,"3":0,"4":0},"b":{}}
,"/Users/moisesperez/Desktop/EOM/mobile-challenge/app/(tabs)/_styles.ts": {"path":"/Users/moisesperez/Desktop/EOM/mobile-challenge/app/(tabs)/_styles.ts","statementMap":{"0":{"start":{"line":3,"column":22},"end":{"line":8,"column":2}}},"fnMap":{},"branchMap":{},"s":{"0":0},"f":{},"b":{}}
,"/Users/moisesperez/Desktop/EOM/mobile-challenge/app/(tabs)/deleted.tsx": {"path":"/Users/moisesperez/Desktop/EOM/mobile-challenge/app/(tabs)/deleted.tsx","statementMap":{"0":{"start":{"line":14,"column":53},"end":{"line":14,"column":70}},"1":{"start":{"line":16,"column":62},"end":{"line":26,"column":4}},"2":{"start":{"line":18,"column":36},"end":{"line":18,"column":76}},"3":{"start":{"line":20,"column":6},"end":{"line":22,"column":7}},"4":{"start":{"line":21,"column":8},"end":{"line":21,"column":33}},"5":{"start":{"line":23,"column":6},"end":{"line":23,"column":23}},"6":{"start":{"line":29,"column":26},"end":{"line":32,"column":24}},"7":{"start":{"line":30,"column":24},"end":{"line":30,"column":70}},"8":{"start":{"line":30,"column":54},"end":{"line":30,"column":63}},"9":{"start":{"line":31,"column":4},"end":{"line":31,"column":77}},"10":{"start":{"line":31,"column":43},"end":{"line":31,"column":75}},"11":{"start":{"line":34,"column":22},"end":{"line":44,"column":3}},"12":{"start":{"line":35,"column":16},"end":{"line":35,"column":48}},"13":{"start":{"line":36,"column":18},"end":{"line":36,"column":54}},"14":{"start":{"line":38,"column":4},"end":{"line":43,"column":5}},"15":{"start":{"line":39,"column":6},"end":{"line":42,"column":9}},"16":{"start":{"line":46,"column":24},"end":{"line":48,"column":3}},"17":{"start":{"line":47,"column":4},"end":{"line":47,"column":37}},"18":{"start":{"line":50,"column":20},"end":{"line":52,"column":3}},"19":{"start":{"line":51,"column":4},"end":{"line":51,"column":20}},"20":{"start":{"line":54,"column":2},"end":{"line":62,"column":3}},"21":{"start":{"line":55,"column":4},"end":{"line":61,"column":6}},"22":{"start":{"line":64,"column":2},"end":{"line":72,"column":3}},"23":{"start":{"line":65,"column":4},"end":{"line":71,"column":6}},"24":{"start":{"line":74,"column":2},"end":{"line":84,"column":3}},"25":{"start":{"line":75,"column":4},"end":{"line":83,"column":6}},"26":{"start":{"line":86,"column":2},"end":{"line":114,"column":4}},"27":{"start":{"line":90,"column":39},"end":{"line":90,"column":66}},"28":{"start":{"line":92,"column":10},"end":{"line":101,"column":17}},"29":{"start":{"line":98,"column":29},"end":{"line":98,"column":48}},"30":{"start":{"line":117,"column":15},"end":{"line":170,"column":2}}},"fnMap":{"0":{"name":"DeletedScreen","decl":{"start":{"line":13,"column":24},"end":{"line":13,"column":37}},"loc":{"start":{"line":13,"column":40},"end":{"line":115,"column":1}},"line":13},"1":{"name":"(anonymous_1)","decl":{"start":{"line":18,"column":13},"end":{"line":18,"column":14}},"loc":{"start":{"line":18,"column":36},"end":{"line":18,"column":76}},"line":18},"2":{"name":"(anonymous_2)","decl":{"start":{"line":19,"column":22},"end":{"line":19,"column":23}},"loc":{"start":{"line":19,"column":36},"end":{"line":24,"column":5}},"line":19},"3":{"name":"(anonymous_3)","decl":{"start":{"line":29,"column":34},"end":{"line":29,"column":35}},"loc":{"start":{"line":29,"column":40},"end":{"line":32,"column":3}},"line":29},"4":{"name":"(anonymous_4)","decl":{"start":{"line":30,"column":44},"end":{"line":30,"column":45}},"loc":{"start":{"line":30,"column":54},"end":{"line":30,"column":63}},"line":30},"5":{"name":"(anonymous_5)","decl":{"start":{"line":31,"column":30},"end":{"line":31,"column":31}},"loc":{"start":{"line":31,"column":43},"end":{"line":31,"column":75}},"line":31},"6":{"name":"(anonymous_6)","decl":{"start":{"line":34,"column":22},"end":{"line":34,"column":23}},"loc":{"start":{"line":34,"column":44},"end":{"line":44,"column":3}},"line":34},"7":{"name":"(anonymous_7)","decl":{"start":{"line":46,"column":24},"end":{"line":46,"column":25}},"loc":{"start":{"line":46,"column":46},"end":{"line":48,"column":3}},"line":46},"8":{"name":"(anonymous_8)","decl":{"start":{"line":50,"column":20},"end":{"line":50,"column":21}},"loc":{"start":{"line":50,"column":32},"end":{"line":52,"column":3}},"line":50},"9":{"name":"(anonymous_9)","decl":{"start":{"line":90,"column":22},"end":{"line":90,"column":23}},"loc":{"start":{"line":90,"column":39},"end":{"line":90,"column":66}},"line":90},"10":{"name":"(anonymous_10)","decl":{"start":{"line":91,"column":20},"end":{"line":91,"column":21}},"loc":{"start":{"line":92,"column":10},"end":{"line":101,"column":17}},"line":92},"11":{"name":"(anonymous_11)","decl":{"start":{"line":98,"column":23},"end":{"line":98,"column":24}},"loc":{"start":{"line":98,"column":29},"end":{"line":98,"column":48}},"line":98}},"branchMap":{"0":{"loc":{"start":{"line":18,"column":16},"end":{"line":18,"column":29}},"type":"default-arg","locations":[{"start":{"line":18,"column":28},"end":{"line":18,"column":29}}],"line":18},"1":{"loc":{"start":{"line":20,"column":6},"end":{"line":22,"column":7}},"type":"if","locations":[{"start":{"line":20,"column":6},"end":{"line":22,"column":7}},{"start":{},"end":{}}],"line":20},"2":{"loc":{"start":{"line":30,"column":24},"end":{"line":30,"column":70}},"type":"binary-expr","locations":[{"start":{"line":30,"column":24},"end":{"line":30,"column":64}},{"start":{"line":30,"column":68},"end":{"line":30,"column":70}}],"line":30},"3":{"loc":{"start":{"line":35,"column":16},"end":{"line":35,"column":48}},"type":"binary-expr","locations":[{"start":{"line":35,"column":16},"end":{"line":35,"column":33}},{"start":{"line":35,"column":37},"end":{"line":35,"column":48}}],"line":35},"4":{"loc":{"start":{"line":36,"column":18},"end":{"line":36,"column":54}},"type":"binary-expr","locations":[{"start":{"line":36,"column":18},"end":{"line":36,"column":37}},{"start":{"line":36,"column":41},"end":{"line":36,"column":54}}],"line":36},"5":{"loc":{"start":{"line":38,"column":4},"end":{"line":43,"column":5}},"type":"if","locations":[{"start":{"line":38,"column":4},"end":{"line":43,"column":5}},{"start":{},"end":{}}],"line":38},"6":{"loc":{"start":{"line":54,"column":2},"end":{"line":62,"column":3}},"type":"if","locations":[{"start":{"line":54,"column":2},"end":{"line":62,"column":3}},{"start":{},"end":{}}],"line":54},"7":{"loc":{"start":{"line":54,"column":6},"end":{"line":54,"column":30}},"type":"binary-expr","locations":[{"start":{"line":54,"column":6},"end":{"line":54,"column":15}},{"start":{"line":54,"column":19},"end":{"line":54,"column":30}}],"line":54},"8":{"loc":{"start":{"line":64,"column":2},"end":{"line":72,"column":3}},"type":"if","locations":[{"start":{"line":64,"column":2},"end":{"line":72,"column":3}},{"start":{},"end":{}}],"line":64},"9":{"loc":{"start":{"line":74,"column":2},"end":{"line":84,"column":3}},"type":"if","locations":[{"start":{"line":74,"column":2},"end":{"line":84,"column":3}},{"start":{},"end":{}}],"line":74},"10":{"loc":{"start":{"line":111,"column":31},"end":{"line":111,"column":89}},"type":"cond-expr","locations":[{"start":{"line":111,"column":62},"end":{"line":111,"column":75}},{"start":{"line":111,"column":78},"end":{"line":111,"column":89}}],"line":111}},"s":{"0":5,"1":5,"2":0,"3":0,"4":0,"5":0,"6":5,"7":5,"8":3,"9":5,"10":3,"11":5,"12":0,"13":0,"14":0,"15":0,"16":5,"17":0,"18":5,"19":0,"20":5,"21":1,"22":4,"23":1,"24":3,"25":3,"26":0,"27":0,"28":0,"29":0,"30":1},"f":{"0":5,"1":0,"2":0,"3":5,"4":3,"5":3,"6":0,"7":0,"8":0,"9":0,"10":0,"11":0},"b":{"0":[0],"1":[0,0],"2":[5,2],"3":[0,0],"4":[0,0],"5":[0,0],"6":[1,4],"7":[5,4],"8":[1,3],"9":[3,0],"10":[0,0]},"_coverageSchema":"1a1c01bbd47fc00a2c39e90264f33305004495a9","hash":"289c98887ce097fe608de13daad43eacbc6b750e"}
,"/Users/moisesperez/Desktop/EOM/mobile-challenge/app/(tabs)/favorites.tsx": {"path":"/Users/moisesperez/Desktop/EOM/mobile-challenge/app/(tabs)/favorites.tsx","statementMap":{"0":{"start":{"line":14,"column":67},"end":{"line":14,"column":84}},"1":{"start":{"line":16,"column":62},"end":{"line":26,"column":4}},"2":{"start":{"line":18,"column":36},"end":{"line":18,"column":76}},"3":{"start":{"line":20,"column":6},"end":{"line":22,"column":7}},"4":{"start":{"line":21,"column":8},"end":{"line":21,"column":33}},"5":{"start":{"line":23,"column":6},"end":{"line":23,"column":23}},"6":{"start":{"line":29,"column":27},"end":{"line":32,"column":25}},"7":{"start":{"line":30,"column":24},"end":{"line":30,"column":70}},"8":{"start":{"line":30,"column":54},"end":{"line":30,"column":63}},"9":{"start":{"line":31,"column":4},"end":{"line":31,"column":78}},"10":{"start":{"line":31,"column":43},"end":{"line":31,"column":76}},"11":{"start":{"line":34,"column":22},"end":{"line":44,"column":3}},"12":{"start":{"line":35,"column":16},"end":{"line":35,"column":48}},"13":{"start":{"line":36,"column":18},"end":{"line":36,"column":54}},"14":{"start":{"line":38,"column":4},"end":{"line":43,"column":5}},"15":{"start":{"line":39,"column":6},"end":{"line":42,"column":9}},"16":{"start":{"line":46,"column":27},"end":{"line":48,"column":3}},"17":{"start":{"line":47,"column":4},"end":{"line":47,"column":37}},"18":{"start":{"line":50,"column":20},"end":{"line":52,"column":3}},"19":{"start":{"line":51,"column":4},"end":{"line":51,"column":20}},"20":{"start":{"line":54,"column":2},"end":{"line":62,"column":3}},"21":{"start":{"line":55,"column":4},"end":{"line":61,"column":6}},"22":{"start":{"line":64,"column":2},"end":{"line":72,"column":3}},"23":{"start":{"line":65,"column":4},"end":{"line":71,"column":6}},"24":{"start":{"line":74,"column":2},"end":{"line":84,"column":3}},"25":{"start":{"line":75,"column":4},"end":{"line":83,"column":6}},"26":{"start":{"line":86,"column":2},"end":{"line":111,"column":4}},"27":{"start":{"line":90,"column":39},"end":{"line":90,"column":66}},"28":{"start":{"line":92,"column":10},"end":{"line":98,"column":12}},"29":{"start":{"line":114,"column":15},"end":{"line":144,"column":2}}},"fnMap":{"0":{"name":"FavoritesScreen","decl":{"start":{"line":13,"column":24},"end":{"line":13,"column":39}},"loc":{"start":{"line":13,"column":42},"end":{"line":112,"column":1}},"line":13},"1":{"name":"(anonymous_1)","decl":{"start":{"line":18,"column":13},"end":{"line":18,"column":14}},"loc":{"start":{"line":18,"column":36},"end":{"line":18,"column":76}},"line":18},"2":{"name":"(anonymous_2)","decl":{"start":{"line":19,"column":22},"end":{"line":19,"column":23}},"loc":{"start":{"line":19,"column":36},"end":{"line":24,"column":5}},"line":19},"3":{"name":"(anonymous_3)","decl":{"start":{"line":29,"column":35},"end":{"line":29,"column":36}},"loc":{"start":{"line":29,"column":41},"end":{"line":32,"column":3}},"line":29},"4":{"name":"(anonymous_4)","decl":{"start":{"line":30,"column":44},"end":{"line":30,"column":45}},"loc":{"start":{"line":30,"column":54},"end":{"line":30,"column":63}},"line":30},"5":{"name":"(anonymous_5)","decl":{"start":{"line":31,"column":30},"end":{"line":31,"column":31}},"loc":{"start":{"line":31,"column":43},"end":{"line":31,"column":76}},"line":31},"6":{"name":"(anonymous_6)","decl":{"start":{"line":34,"column":22},"end":{"line":34,"column":23}},"loc":{"start":{"line":34,"column":44},"end":{"line":44,"column":3}},"line":34},"7":{"name":"(anonymous_7)","decl":{"start":{"line":46,"column":27},"end":{"line":46,"column":28}},"loc":{"start":{"line":46,"column":49},"end":{"line":48,"column":3}},"line":46},"8":{"name":"(anonymous_8)","decl":{"start":{"line":50,"column":20},"end":{"line":50,"column":21}},"loc":{"start":{"line":50,"column":32},"end":{"line":52,"column":3}},"line":50},"9":{"name":"(anonymous_9)","decl":{"start":{"line":90,"column":22},"end":{"line":90,"column":23}},"loc":{"start":{"line":90,"column":39},"end":{"line":90,"column":66}},"line":90},"10":{"name":"(anonymous_10)","decl":{"start":{"line":91,"column":20},"end":{"line":91,"column":21}},"loc":{"start":{"line":92,"column":10},"end":{"line":98,"column":12}},"line":92}},"branchMap":{"0":{"loc":{"start":{"line":18,"column":16},"end":{"line":18,"column":29}},"type":"default-arg","locations":[{"start":{"line":18,"column":28},"end":{"line":18,"column":29}}],"line":18},"1":{"loc":{"start":{"line":20,"column":6},"end":{"line":22,"column":7}},"type":"if","locations":[{"start":{"line":20,"column":6},"end":{"line":22,"column":7}},{"start":{},"end":{}}],"line":20},"2":{"loc":{"start":{"line":30,"column":24},"end":{"line":30,"column":70}},"type":"binary-expr","locations":[{"start":{"line":30,"column":24},"end":{"line":30,"column":64}},{"start":{"line":30,"column":68},"end":{"line":30,"column":70}}],"line":30},"3":{"loc":{"start":{"line":35,"column":16},"end":{"line":35,"column":48}},"type":"binary-expr","locations":[{"start":{"line":35,"column":16},"end":{"line":35,"column":33}},{"start":{"line":35,"column":37},"end":{"line":35,"column":48}}],"line":35},"4":{"loc":{"start":{"line":36,"column":18},"end":{"line":36,"column":54}},"type":"binary-expr","locations":[{"start":{"line":36,"column":18},"end":{"line":36,"column":37}},{"start":{"line":36,"column":41},"end":{"line":36,"column":54}}],"line":36},"5":{"loc":{"start":{"line":38,"column":4},"end":{"line":43,"column":5}},"type":"if","locations":[{"start":{"line":38,"column":4},"end":{"line":43,"column":5}},{"start":{},"end":{}}],"line":38},"6":{"loc":{"start":{"line":54,"column":2},"end":{"line":62,"column":3}},"type":"if","locations":[{"start":{"line":54,"column":2},"end":{"line":62,"column":3}},{"start":{},"end":{}}],"line":54},"7":{"loc":{"start":{"line":54,"column":6},"end":{"line":54,"column":30}},"type":"binary-expr","locations":[{"start":{"line":54,"column":6},"end":{"line":54,"column":15}},{"start":{"line":54,"column":19},"end":{"line":54,"column":30}}],"line":54},"8":{"loc":{"start":{"line":64,"column":2},"end":{"line":72,"column":3}},"type":"if","locations":[{"start":{"line":64,"column":2},"end":{"line":72,"column":3}},{"start":{},"end":{}}],"line":64},"9":{"loc":{"start":{"line":74,"column":2},"end":{"line":84,"column":3}},"type":"if","locations":[{"start":{"line":74,"column":2},"end":{"line":84,"column":3}},{"start":{},"end":{}}],"line":74},"10":{"loc":{"start":{"line":108,"column":31},"end":{"line":108,"column":90}},"type":"cond-expr","locations":[{"start":{"line":108,"column":63},"end":{"line":108,"column":76}},{"start":{"line":108,"column":79},"end":{"line":108,"column":90}}],"line":108}},"s":{"0":4,"1":4,"2":0,"3":0,"4":0,"5":0,"6":4,"7":4,"8":2,"9":4,"10":2,"11":4,"12":0,"13":0,"14":0,"15":0,"16":4,"17":0,"18":4,"19":0,"20":4,"21":1,"22":3,"23":1,"24":2,"25":2,"26":0,"27":0,"28":0,"29":1},"f":{"0":4,"1":0,"2":0,"3":4,"4":2,"5":2,"6":0,"7":0,"8":0,"9":0,"10":0},"b":{"0":[0],"1":[0,0],"2":[4,2],"3":[0,0],"4":[0,0],"5":[0,0],"6":[1,3],"7":[4,3],"8":[1,2],"9":[2,0],"10":[0,0]},"_coverageSchema":"1a1c01bbd47fc00a2c39e90264f33305004495a9","hash":"f1519099c0f5c741526b3d222c579a6a46f6e8e7"}
,"/Users/moisesperez/Desktop/EOM/mobile-challenge/app/(tabs)/index.tsx": {"path":"/Users/moisesperez/Desktop/EOM/mobile-challenge/app/(tabs)/index.tsx","statementMap":{"0":{"start":{"line":7,"column":2},"end":{"line":11,"column":4}}},"fnMap":{"0":{"name":"HomeScreen","decl":{"start":{"line":6,"column":24},"end":{"line":6,"column":34}},"loc":{"start":{"line":6,"column":37},"end":{"line":12,"column":1}},"line":6}},"branchMap":{},"s":{"0":2},"f":{"0":2},"b":{},"_coverageSchema":"1a1c01bbd47fc00a2c39e90264f33305004495a9","hash":"e566bb4daa7d3d3b14f6579095b2376880ad776a"}
,"/Users/moisesperez/Desktop/EOM/mobile-challenge/components/ArticleItem/ArticleItem.tsx": {"path":"/Users/moisesperez/Desktop/EOM/mobile-challenge/components/ArticleItem/ArticleItem.tsx","statementMap":{"0":{"start":{"line":16,"column":55},"end":{"line":51,"column":1}},"1":{"start":{"line":22,"column":18},"end":{"line":22,"column":88}},"2":{"start":{"line":24,"column":2},"end":{"line":50,"column":4}},"3":{"start":{"line":25,"column":55},"end":{"line":25,"column":71}},"4":{"start":{"line":38,"column":12},"end":{"line":38,"column":32}},"5":{"start":{"line":39,"column":12},"end":{"line":39,"column":32}}},"fnMap":{"0":{"name":"(anonymous_0)","decl":{"start":{"line":16,"column":55},"end":{"line":16,"column":56}},"loc":{"start":{"line":21,"column":6},"end":{"line":51,"column":1}},"line":21},"1":{"name":"(anonymous_1)","decl":{"start":{"line":25,"column":49},"end":{"line":25,"column":50}},"loc":{"start":{"line":25,"column":55},"end":{"line":25,"column":71}},"line":25},"2":{"name":"(anonymous_2)","decl":{"start":{"line":37,"column":19},"end":{"line":37,"column":20}},"loc":{"start":{"line":37,"column":26},"end":{"line":40,"column":11}},"line":37}},"branchMap":{"0":{"loc":{"start":{"line":20,"column":2},"end":{"line":20,"column":21}},"type":"default-arg","locations":[{"start":{"line":20,"column":16},"end":{"line":20,"column":21}}],"line":20},"1":{"loc":{"start":{"line":28,"column":11},"end":{"line":28,"column":47}},"type":"binary-expr","locations":[{"start":{"line":28,"column":11},"end":{"line":28,"column":30}},{"start":{"line":28,"column":34},"end":{"line":28,"column":47}}],"line":28},"2":{"loc":{"start":{"line":34,"column":7},"end":{"line":48,"column":7}},"type":"binary-expr","locations":[{"start":{"line":34,"column":7},"end":{"line":34,"column":17}},{"start":{"line":35,"column":8},"end":{"line":47,"column":20}}],"line":34},"3":{"loc":{"start":{"line":43,"column":18},"end":{"line":43,"column":57}},"type":"cond-expr","locations":[{"start":{"line":43,"column":32},"end":{"line":43,"column":39}},{"start":{"line":43,"column":42},"end":{"line":43,"column":57}}],"line":43},"4":{"loc":{"start":{"line":45,"column":19},"end":{"line":45,"column":51}},"type":"cond-expr","locations":[{"start":{"line":45,"column":33},"end":{"line":45,"column":42}},{"start":{"line":45,"column":45},"end":{"line":45,"column":51}}],"line":45}},"s":{"0":4,"1":12,"2":12,"3":2,"4":0,"5":0},"f":{"0":12,"1":2,"2":0},"b":{"0":[9],"1":[12,11],"2":[12,3],"3":[1,2],"4":[1,2]},"_coverageSchema":"1a1c01bbd47fc00a2c39e90264f33305004495a9","hash":"90babac70dde418f3a66eb348fb507fe1445c777"}
,"/Users/moisesperez/Desktop/EOM/mobile-challenge/components/ArticleItem/SwipeableArticleItem.tsx": {"path":"/Users/moisesperez/Desktop/EOM/mobile-challenge/components/ArticleItem/SwipeableArticleItem.tsx","statementMap":{"0":{"start":{"line":17,"column":73},"end":{"line":67,"column":1}},"1":{"start":{"line":24,"column":23},"end":{"line":24,"column":46}},"2":{"start":{"line":26,"column":29},"end":{"line":51,"column":3}},"3":{"start":{"line":30,"column":20},"end":{"line":34,"column":6}},"4":{"start":{"line":36,"column":4},"end":{"line":50,"column":6}},"5":{"start":{"line":42,"column":14},"end":{"line":42,"column":44}},"6":{"start":{"line":43,"column":14},"end":{"line":43,"column":32}},"7":{"start":{"line":53,"column":2},"end":{"line":66,"column":4}},"8":{"start":{"line":69,"column":15},"end":{"line":90,"column":2}}},"fnMap":{"0":{"name":"(anonymous_0)","decl":{"start":{"line":17,"column":73},"end":{"line":17,"column":74}},"loc":{"start":{"line":23,"column":6},"end":{"line":67,"column":1}},"line":23},"1":{"name":"(anonymous_1)","decl":{"start":{"line":26,"column":29},"end":{"line":26,"column":30}},"loc":{"start":{"line":29,"column":7},"end":{"line":51,"column":3}},"line":29},"2":{"name":"(anonymous_2)","decl":{"start":{"line":41,"column":21},"end":{"line":41,"column":22}},"loc":{"start":{"line":41,"column":27},"end":{"line":44,"column":13}},"line":41}},"branchMap":{},"s":{"0":2,"1":3,"2":3,"3":0,"4":0,"5":0,"6":0,"7":3,"8":2},"f":{"0":3,"1":0,"2":0},"b":{},"_coverageSchema":"1a1c01bbd47fc00a2c39e90264f33305004495a9","hash":"b633a8fe6a8d83ff102c356ccc329878cd7248c5"}
,"/Users/moisesperez/Desktop/EOM/mobile-challenge/components/ArticleItem/styles.ts": {"path":"/Users/moisesperez/Desktop/EOM/mobile-challenge/components/ArticleItem/styles.ts","statementMap":{"0":{"start":{"line":3,"column":22},"end":{"line":29,"column":2}}},"fnMap":{},"branchMap":{},"s":{"0":4},"f":{},"b":{},"_coverageSchema":"1a1c01bbd47fc00a2c39e90264f33305004495a9","hash":"81f17304eb23f2dabe0afee4d7fe894dc7c73442"}
,"/Users/moisesperez/Desktop/EOM/mobile-challenge/components/ArticleList/ArticleList.tsx": {"path":"/Users/moisesperez/Desktop/EOM/mobile-challenge/components/ArticleList/ArticleList.tsx","statementMap":{"0":{"start":{"line":12,"column":27},"end":{"line":132,"column":1}},"1":{"start":{"line":14,"column":21},"end":{"line":14,"column":65}},"2":{"start":{"line":14,"column":48},"end":{"line":14,"column":64}},"3":{"start":{"line":15,"column":22},"end":{"line":15,"column":67}},"4":{"start":{"line":15,"column":49},"end":{"line":15,"column":66}},"5":{"start":{"line":16,"column":21},"end":{"line":16,"column":65}},"6":{"start":{"line":16,"column":48},"end":{"line":16,"column":64}},"7":{"start":{"line":17,"column":24},"end":{"line":17,"column":71}},"8":{"start":{"line":17,"column":51},"end":{"line":17,"column":70}},"9":{"start":{"line":18,"column":25},"end":{"line":18,"column":73}},"10":{"start":{"line":18,"column":52},"end":{"line":18,"column":72}},"11":{"start":{"line":19,"column":22},"end":{"line":19,"column":67}},"12":{"start":{"line":19,"column":49},"end":{"line":19,"column":66}},"13":{"start":{"line":30,"column":6},"end":{"line":41,"column":4}},"14":{"start":{"line":32,"column":36},"end":{"line":32,"column":76}},"15":{"start":{"line":35,"column":6},"end":{"line":37,"column":7}},"16":{"start":{"line":36,"column":8},"end":{"line":36,"column":33}},"17":{"start":{"line":38,"column":6},"end":{"line":38,"column":23}},"18":{"start":{"line":44,"column":19},"end":{"line":47,"column":24}},"19":{"start":{"line":45,"column":24},"end":{"line":45,"column":70}},"20":{"start":{"line":45,"column":54},"end":{"line":45,"column":63}},"21":{"start":{"line":46,"column":4},"end":{"line":46,"column":78}},"22":{"start":{"line":46,"column":43},"end":{"line":46,"column":76}},"23":{"start":{"line":49,"column":22},"end":{"line":59,"column":3}},"24":{"start":{"line":50,"column":16},"end":{"line":50,"column":48}},"25":{"start":{"line":51,"column":18},"end":{"line":51,"column":54}},"26":{"start":{"line":53,"column":4},"end":{"line":58,"column":5}},"27":{"start":{"line":54,"column":6},"end":{"line":57,"column":9}},"28":{"start":{"line":61,"column":23},"end":{"line":63,"column":3}},"29":{"start":{"line":62,"column":4},"end":{"line":62,"column":36}},"30":{"start":{"line":65,"column":25},"end":{"line":67,"column":3}},"31":{"start":{"line":66,"column":4},"end":{"line":66,"column":37}},"32":{"start":{"line":69,"column":25},"end":{"line":73,"column":3}},"33":{"start":{"line":70,"column":4},"end":{"line":72,"column":5}},"34":{"start":{"line":71,"column":6},"end":{"line":71,"column":22}},"35":{"start":{"line":75,"column":23},"end":{"line":83,"column":3}},"36":{"start":{"line":76,"column":4},"end":{"line":76,"column":41}},"37":{"start":{"line":76,"column":29},"end":{"line":76,"column":41}},"38":{"start":{"line":78,"column":4},"end":{"line":82,"column":6}},"39":{"start":{"line":85,"column":2},"end":{"line":91,"column":3}},"40":{"start":{"line":86,"column":4},"end":{"line":90,"column":6}},"41":{"start":{"line":93,"column":2},"end":{"line":99,"column":3}},"42":{"start":{"line":94,"column":4},"end":{"line":98,"column":6}},"43":{"start":{"line":101,"column":20},"end":{"line":103,"column":3}},"44":{"start":{"line":102,"column":4},"end":{"line":102,"column":20}},"45":{"start":{"line":105,"column":2},"end":{"line":131,"column":4}},"46":{"start":{"line":108,"column":37},"end":{"line":108,"column":64}},"47":{"start":{"line":110,"column":8},"end":{"line":116,"column":10}}},"fnMap":{"0":{"name":"(anonymous_0)","decl":{"start":{"line":12,"column":27},"end":{"line":12,"column":28}},"loc":{"start":{"line":12,"column":33},"end":{"line":132,"column":1}},"line":12},"1":{"name":"(anonymous_1)","decl":{"start":{"line":14,"column":37},"end":{"line":14,"column":38}},"loc":{"start":{"line":14,"column":48},"end":{"line":14,"column":64}},"line":14},"2":{"name":"(anonymous_2)","decl":{"start":{"line":15,"column":38},"end":{"line":15,"column":39}},"loc":{"start":{"line":15,"column":49},"end":{"line":15,"column":66}},"line":15},"3":{"name":"(anonymous_3)","decl":{"start":{"line":16,"column":37},"end":{"line":16,"column":38}},"loc":{"start":{"line":16,"column":48},"end":{"line":16,"column":64}},"line":16},"4":{"name":"(anonymous_4)","decl":{"start":{"line":17,"column":40},"end":{"line":17,"column":41}},"loc":{"start":{"line":17,"column":51},"end":{"line":17,"column":70}},"line":17},"5":{"name":"(anonymous_5)","decl":{"start":{"line":18,"column":41},"end":{"line":18,"column":42}},"loc":{"start":{"line":18,"column":52},"end":{"line":18,"column":72}},"line":18},"6":{"name":"(anonymous_6)","decl":{"start":{"line":19,"column":38},"end":{"line":19,"column":39}},"loc":{"start":{"line":19,"column":49},"end":{"line":19,"column":66}},"line":19},"7":{"name":"(anonymous_7)","decl":{"start":{"line":32,"column":13},"end":{"line":32,"column":14}},"loc":{"start":{"line":32,"column":36},"end":{"line":32,"column":76}},"line":32},"8":{"name":"(anonymous_8)","decl":{"start":{"line":33,"column":22},"end":{"line":33,"column":23}},"loc":{"start":{"line":33,"column":36},"end":{"line":39,"column":5}},"line":33},"9":{"name":"(anonymous_9)","decl":{"start":{"line":44,"column":27},"end":{"line":44,"column":28}},"loc":{"start":{"line":44,"column":33},"end":{"line":47,"column":3}},"line":44},"10":{"name":"(anonymous_10)","decl":{"start":{"line":45,"column":44},"end":{"line":45,"column":45}},"loc":{"start":{"line":45,"column":54},"end":{"line":45,"column":63}},"line":45},"11":{"name":"(anonymous_11)","decl":{"start":{"line":46,"column":30},"end":{"line":46,"column":31}},"loc":{"start":{"line":46,"column":43},"end":{"line":46,"column":76}},"line":46},"12":{"name":"(anonymous_12)","decl":{"start":{"line":49,"column":22},"end":{"line":49,"column":23}},"loc":{"start":{"line":49,"column":44},"end":{"line":59,"column":3}},"line":49},"13":{"name":"(anonymous_13)","decl":{"start":{"line":61,"column":23},"end":{"line":61,"column":24}},"loc":{"start":{"line":61,"column":45},"end":{"line":63,"column":3}},"line":61},"14":{"name":"(anonymous_14)","decl":{"start":{"line":65,"column":25},"end":{"line":65,"column":26}},"loc":{"start":{"line":65,"column":47},"end":{"line":67,"column":3}},"line":65},"15":{"name":"(anonymous_15)","decl":{"start":{"line":69,"column":25},"end":{"line":69,"column":26}},"loc":{"start":{"line":69,"column":31},"end":{"line":73,"column":3}},"line":69},"16":{"name":"(anonymous_16)","decl":{"start":{"line":75,"column":23},"end":{"line":75,"column":24}},"loc":{"start":{"line":75,"column":29},"end":{"line":83,"column":3}},"line":75},"17":{"name":"(anonymous_17)","decl":{"start":{"line":101,"column":20},"end":{"line":101,"column":21}},"loc":{"start":{"line":101,"column":32},"end":{"line":103,"column":3}},"line":101},"18":{"name":"(anonymous_18)","decl":{"start":{"line":108,"column":20},"end":{"line":108,"column":21}},"loc":{"start":{"line":108,"column":37},"end":{"line":108,"column":64}},"line":108},"19":{"name":"(anonymous_19)","decl":{"start":{"line":109,"column":18},"end":{"line":109,"column":19}},"loc":{"start":{"line":110,"column":8},"end":{"line":116,"column":10}},"line":110}},"branchMap":{"0":{"loc":{"start":{"line":32,"column":16},"end":{"line":32,"column":29}},"type":"default-arg","locations":[{"start":{"line":32,"column":28},"end":{"line":32,"column":29}}],"line":32},"1":{"loc":{"start":{"line":35,"column":6},"end":{"line":37,"column":7}},"type":"if","locations":[{"start":{"line":35,"column":6},"end":{"line":37,"column":7}},{"start":{},"end":{}}],"line":35},"2":{"loc":{"start":{"line":45,"column":24},"end":{"line":45,"column":70}},"type":"binary-expr","locations":[{"start":{"line":45,"column":24},"end":{"line":45,"column":64}},{"start":{"line":45,"column":68},"end":{"line":45,"column":70}}],"line":45},"3":{"loc":{"start":{"line":50,"column":16},"end":{"line":50,"column":48}},"type":"binary-expr","locations":[{"start":{"line":50,"column":16},"end":{"line":50,"column":33}},{"start":{"line":50,"column":37},"end":{"line":50,"column":48}}],"line":50},"4":{"loc":{"start":{"line":51,"column":18},"end":{"line":51,"column":54}},"type":"binary-expr","locations":[{"start":{"line":51,"column":18},"end":{"line":51,"column":37}},{"start":{"line":51,"column":41},"end":{"line":51,"column":54}}],"line":51},"5":{"loc":{"start":{"line":53,"column":4},"end":{"line":58,"column":5}},"type":"if","locations":[{"start":{"line":53,"column":4},"end":{"line":58,"column":5}},{"start":{},"end":{}}],"line":53},"6":{"loc":{"start":{"line":70,"column":4},"end":{"line":72,"column":5}},"type":"if","locations":[{"start":{"line":70,"column":4},"end":{"line":72,"column":5}},{"start":{},"end":{}}],"line":70},"7":{"loc":{"start":{"line":70,"column":8},"end":{"line":70,"column":42}},"type":"binary-expr","locations":[{"start":{"line":70,"column":8},"end":{"line":70,"column":19}},{"start":{"line":70,"column":23},"end":{"line":70,"column":42}}],"line":70},"8":{"loc":{"start":{"line":76,"column":4},"end":{"line":76,"column":41}},"type":"if","locations":[{"start":{"line":76,"column":4},"end":{"line":76,"column":41}},{"start":{},"end":{}}],"line":76},"9":{"loc":{"start":{"line":85,"column":2},"end":{"line":91,"column":3}},"type":"if","locations":[{"start":{"line":85,"column":2},"end":{"line":91,"column":3}},{"start":{},"end":{}}],"line":85},"10":{"loc":{"start":{"line":85,"column":6},"end":{"line":85,"column":30}},"type":"binary-expr","locations":[{"start":{"line":85,"column":6},"end":{"line":85,"column":15}},{"start":{"line":85,"column":19},"end":{"line":85,"column":30}}],"line":85},"11":{"loc":{"start":{"line":93,"column":2},"end":{"line":99,"column":3}},"type":"if","locations":[{"start":{"line":93,"column":2},"end":{"line":99,"column":3}},{"start":{},"end":{}}],"line":93}},"s":{"0":0,"1":0,"2":0,"3":0,"4":0,"5":0,"6":0,"7":0,"8":0,"9":0,"10":0,"11":0,"12":0,"13":0,"14":0,"15":0,"16":0,"17":0,"18":0,"19":0,"20":0,"21":0,"22":0,"23":0,"24":0,"25":0,"26":0,"27":0,"28":0,"29":0,"30":0,"31":0,"32":0,"33":0,"34":0,"35":0,"36":0,"37":0,"38":0,"39":0,"40":0,"41":0,"42":0,"43":0,"44":0,"45":0,"46":0,"47":0},"f":{"0":0,"1":0,"2":0,"3":0,"4":0,"5":0,"6":0,"7":0,"8":0,"9":0,"10":0,"11":0,"12":0,"13":0,"14":0,"15":0,"16":0,"17":0,"18":0,"19":0},"b":{"0":[0],"1":[0,0],"2":[0,0],"3":[0,0],"4":[0,0],"5":[0,0],"6":[0,0],"7":[0,0],"8":[0,0],"9":[0,0],"10":[0,0],"11":[0,0]}}
,"/Users/moisesperez/Desktop/EOM/mobile-challenge/components/ArticleList/styles.ts": {"path":"/Users/moisesperez/Desktop/EOM/mobile-challenge/components/ArticleList/styles.ts","statementMap":{"0":{"start":{"line":3,"column":22},"end":{"line":16,"column":2}}},"fnMap":{},"branchMap":{},"s":{"0":0},"f":{},"b":{}}
,"/Users/moisesperez/Desktop/EOM/mobile-challenge/hooks/use-color-scheme.ts": {"path":"/Users/moisesperez/Desktop/EOM/mobile-challenge/hooks/use-color-scheme.ts","statementMap":{},"fnMap":{},"branchMap":{},"s":{},"f":{},"b":{}}
,"/Users/moisesperez/Desktop/EOM/mobile-challenge/hooks/use-color-scheme.web.ts": {"path":"/Users/moisesperez/Desktop/EOM/mobile-challenge/hooks/use-color-scheme.web.ts","statementMap":{"0":{"start":{"line":8,"column":40},"end":{"line":8,"column":55}},"1":{"start":{"line":10,"column":2},"end":{"line":12,"column":9}},"2":{"start":{"line":11,"column":4},"end":{"line":11,"column":25}},"3":{"start":{"line":14,"column":22},"end":{"line":14,"column":40}},"4":{"start":{"line":16,"column":2},"end":{"line":18,"column":3}},"5":{"start":{"line":17,"column":4},"end":{"line":17,"column":23}},"6":{"start":{"line":20,"column":2},"end":{"line":20,"column":17}}},"fnMap":{"0":{"name":"useColorScheme","decl":{"start":{"line":7,"column":16},"end":{"line":7,"column":30}},"loc":{"start":{"line":7,"column":33},"end":{"line":21,"column":1}},"line":7},"1":{"name":"(anonymous_1)","decl":{"start":{"line":10,"column":12},"end":{"line":10,"column":13}},"loc":{"start":{"line":10,"column":18},"end":{"line":12,"column":3}},"line":10}},"branchMap":{"0":{"loc":{"start":{"line":16,"column":2},"end":{"line":18,"column":3}},"type":"if","locations":[{"start":{"line":16,"column":2},"end":{"line":18,"column":3}},{"start":{},"end":{}}],"line":16}},"s":{"0":0,"1":0,"2":0,"3":0,"4":0,"5":0,"6":0},"f":{"0":0,"1":0},"b":{"0":[0,0]}}
,"/Users/moisesperez/Desktop/EOM/mobile-challenge/hooks/use-theme-color.ts": {"path":"/Users/moisesperez/Desktop/EOM/mobile-challenge/hooks/use-theme-color.ts","statementMap":{"0":{"start":{"line":13,"column":16},"end":{"line":13,"column":43}},"1":{"start":{"line":14,"column":25},"end":{"line":14,"column":37}},"2":{"start":{"line":16,"column":2},"end":{"line":20,"column":3}},"3":{"start":{"line":17,"column":4},"end":{"line":17,"column":26}},"4":{"start":{"line":19,"column":4},"end":{"line":19,"column":36}}},"fnMap":{"0":{"name":"useThemeColor","decl":{"start":{"line":9,"column":16},"end":{"line":9,"column":29}},"loc":{"start":{"line":12,"column":2},"end":{"line":21,"column":1}},"line":12}},"branchMap":{"0":{"loc":{"start":{"line":13,"column":16},"end":{"line":13,"column":43}},"type":"binary-expr","locations":[{"start":{"line":13,"column":16},"end":{"line":13,"column":32}},{"start":{"line":13,"column":36},"end":{"line":13,"column":43}}],"line":13},"1":{"loc":{"start":{"line":16,"column":2},"end":{"line":20,"column":3}},"type":"if","locations":[{"start":{"line":16,"column":2},"end":{"line":20,"column":3}},{"start":{"line":18,"column":9},"end":{"line":20,"column":3}}],"line":16}},"s":{"0":0,"1":0,"2":0,"3":0,"4":0},"f":{"0":0},"b":{"0":[0,0],"1":[0,0]}}
,"/Users/moisesperez/Desktop/EOM/mobile-challenge/stores/articleStore.ts": {"path":"/Users/moisesperez/Desktop/EOM/mobile-challenge/stores/articleStore.ts","statementMap":{"0":{"start":{"line":23,"column":44},"end":{"line":23,"column":48}},"1":{"start":{"line":24,"column":25},"end":{"line":31,"column":1}},"2":{"start":{"line":25,"column":2},"end":{"line":27,"column":3}},"3":{"start":{"line":26,"column":4},"end":{"line":26,"column":33}},"4":{"start":{"line":28,"column":2},"end":{"line":30,"column":10}},"5":{"start":{"line":29,"column":4},"end":{"line":29,"column":43}},"6":{"start":{"line":34,"column":16},"end":{"line":46,"column":1}},"7":{"start":{"line":36,"column":18},"end":{"line":36,"column":50}},"8":{"start":{"line":37,"column":4},"end":{"line":37,"column":17}},"9":{"start":{"line":41,"column":4},"end":{"line":41,"column":34}},"10":{"start":{"line":44,"column":4},"end":{"line":44,"column":40}},"11":{"start":{"line":48,"column":31},"end":{"line":121,"column":1}},"12":{"start":{"line":50,"column":19},"end":{"line":98,"column":5}},"13":{"start":{"line":56,"column":8},"end":{"line":68,"column":11}},"14":{"start":{"line":57,"column":32},"end":{"line":57,"column":57}},"15":{"start":{"line":58,"column":10},"end":{"line":58,"column":32}},"16":{"start":{"line":61,"column":33},"end":{"line":61,"column":59}},"17":{"start":{"line":62,"column":10},"end":{"line":62,"column":36}},"18":{"start":{"line":64,"column":10},"end":{"line":67,"column":12}},"19":{"start":{"line":72,"column":8},"end":{"line":77,"column":11}},"20":{"start":{"line":73,"column":32},"end":{"line":73,"column":57}},"21":{"start":{"line":74,"column":10},"end":{"line":74,"column":35}},"22":{"start":{"line":76,"column":10},"end":{"line":76,"column":47}},"23":{"start":{"line":81,"column":8},"end":{"line":91,"column":11}},"24":{"start":{"line":82,"column":33},"end":{"line":82,"column":59}},"25":{"start":{"line":84,"column":10},"end":{"line":88,"column":11}},"26":{"start":{"line":85,"column":12},"end":{"line":85,"column":38}},"27":{"start":{"line":87,"column":12},"end":{"line":87,"column":35}},"28":{"start":{"line":90,"column":10},"end":{"line":90,"column":49}},"29":{"start":{"line":94,"column":33},"end":{"line":94,"column":57}},"30":{"start":{"line":95,"column":35},"end":{"line":95,"column":60}},"31":{"start":{"line":97,"column":25},"end":{"line":97,"column":50}},"32":{"start":{"line":101,"column":39},"end":{"line":101,"column":46}},"33":{"start":{"line":103,"column":30},"end":{"line":106,"column":7}},"34":{"start":{"line":109,"column":8},"end":{"line":114,"column":10}},"35":{"start":{"line":116,"column":32},"end":{"line":118,"column":7}},"36":{"start":{"line":117,"column":8},"end":{"line":117,"column":29}}},"fnMap":{"0":{"name":"(anonymous_0)","decl":{"start":{"line":24,"column":25},"end":{"line":24,"column":26}},"loc":{"start":{"line":24,"column":57},"end":{"line":31,"column":1}},"line":24},"1":{"name":"(anonymous_1)","decl":{"start":{"line":28,"column":30},"end":{"line":28,"column":31}},"loc":{"start":{"line":28,"column":42},"end":{"line":30,"column":3}},"line":28},"2":{"name":"(anonymous_2)","decl":{"start":{"line":35,"column":11},"end":{"line":35,"column":12}},"loc":{"start":{"line":35,"column":59},"end":{"line":38,"column":3}},"line":35},"3":{"name":"(anonymous_3)","decl":{"start":{"line":39,"column":11},"end":{"line":39,"column":12}},"loc":{"start":{"line":39,"column":65},"end":{"line":42,"column":3}},"line":39},"4":{"name":"(anonymous_4)","decl":{"start":{"line":43,"column":14},"end":{"line":43,"column":15}},"loc":{"start":{"line":43,"column":53},"end":{"line":45,"column":3}},"line":43},"5":{"name":"(anonymous_5)","decl":{"start":{"line":50,"column":4},"end":{"line":50,"column":5}},"loc":{"start":{"line":50,"column":19},"end":{"line":98,"column":5}},"line":50},"6":{"name":"(anonymous_6)","decl":{"start":{"line":55,"column":21},"end":{"line":55,"column":22}},"loc":{"start":{"line":55,"column":37},"end":{"line":69,"column":7}},"line":55},"7":{"name":"(anonymous_7)","decl":{"start":{"line":56,"column":12},"end":{"line":56,"column":13}},"loc":{"start":{"line":56,"column":23},"end":{"line":68,"column":9}},"line":56},"8":{"name":"(anonymous_8)","decl":{"start":{"line":71,"column":22},"end":{"line":71,"column":23}},"loc":{"start":{"line":71,"column":38},"end":{"line":78,"column":7}},"line":71},"9":{"name":"(anonymous_9)","decl":{"start":{"line":72,"column":12},"end":{"line":72,"column":13}},"loc":{"start":{"line":72,"column":23},"end":{"line":77,"column":9}},"line":72},"10":{"name":"(anonymous_10)","decl":{"start":{"line":80,"column":22},"end":{"line":80,"column":23}},"loc":{"start":{"line":80,"column":38},"end":{"line":92,"column":7}},"line":80},"11":{"name":"(anonymous_11)","decl":{"start":{"line":81,"column":12},"end":{"line":81,"column":13}},"loc":{"start":{"line":81,"column":23},"end":{"line":91,"column":9}},"line":81},"12":{"name":"(anonymous_12)","decl":{"start":{"line":94,"column":17},"end":{"line":94,"column":18}},"loc":{"start":{"line":94,"column":33},"end":{"line":94,"column":57}},"line":94},"13":{"name":"(anonymous_13)","decl":{"start":{"line":95,"column":19},"end":{"line":95,"column":20}},"loc":{"start":{"line":95,"column":35},"end":{"line":95,"column":60}},"line":95},"14":{"name":"(anonymous_14)","decl":{"start":{"line":97,"column":19},"end":{"line":97,"column":20}},"loc":{"start":{"line":97,"column":25},"end":{"line":97,"column":50}},"line":97},"15":{"name":"(anonymous_15)","decl":{"start":{"line":101,"column":33},"end":{"line":101,"column":34}},"loc":{"start":{"line":101,"column":39},"end":{"line":101,"column":46}},"line":101},"16":{"name":"(anonymous_16)","decl":{"start":{"line":103,"column":18},"end":{"line":103,"column":19}},"loc":{"start":{"line":103,"column":30},"end":{"line":106,"column":7}},"line":103},"17":{"name":"(anonymous_17)","decl":{"start":{"line":108,"column":13},"end":{"line":108,"column":14}},"loc":{"start":{"line":108,"column":52},"end":{"line":115,"column":7}},"line":108},"18":{"name":"(anonymous_18)","decl":{"start":{"line":116,"column":26},"end":{"line":116,"column":27}},"loc":{"start":{"line":116,"column":32},"end":{"line":118,"column":7}},"line":116},"19":{"name":"(anonymous_19)","decl":{"start":{"line":116,"column":32},"end":{"line":116,"column":33}},"loc":{"start":{"line":116,"column":43},"end":{"line":118,"column":7}},"line":116}},"branchMap":{"0":{"loc":{"start":{"line":25,"column":2},"end":{"line":27,"column":3}},"type":"if","locations":[{"start":{"line":25,"column":2},"end":{"line":27,"column":3}},{"start":{},"end":{}}],"line":25},"1":{"loc":{"start":{"line":84,"column":10},"end":{"line":88,"column":11}},"type":"if","locations":[{"start":{"line":84,"column":10},"end":{"line":88,"column":11}},{"start":{"line":86,"column":17},"end":{"line":88,"column":11}}],"line":84},"2":{"loc":{"start":{"line":112,"column":30},"end":{"line":112,"column":62}},"type":"binary-expr","locations":[{"start":{"line":112,"column":30},"end":{"line":112,"column":56}},{"start":{"line":112,"column":60},"end":{"line":112,"column":62}}],"line":112},"3":{"loc":{"start":{"line":113,"column":31},"end":{"line":113,"column":64}},"type":"binary-expr","locations":[{"start":{"line":113,"column":31},"end":{"line":113,"column":58}},{"start":{"line":113,"column":62},"end":{"line":113,"column":64}}],"line":113}},"s":{"0":1,"1":1,"2":32,"3":31,"4":32,"5":0,"6":1,"7":1,"8":1,"9":32,"10":0,"11":1,"12":1,"13":7,"14":7,"15":7,"16":7,"17":7,"18":7,"19":2,"20":2,"21":2,"22":2,"23":8,"24":8,"25":8,"26":1,"27":7,"28":8,"29":2,"30":2,"31":1,"32":1,"33":32,"34":0,"35":1,"36":1},"f":{"0":32,"1":0,"2":1,"3":32,"4":0,"5":1,"6":7,"7":7,"8":2,"9":2,"10":8,"11":8,"12":2,"13":2,"14":1,"15":1,"16":32,"17":0,"18":1,"19":1},"b":{"0":[31,1],"1":[1,7],"2":[0,0],"3":[0,0]},"_coverageSchema":"1a1c01bbd47fc00a2c39e90264f33305004495a9","hash":"504ff6df7290e2fd22bb1013ff79d6d27eb0c9cd"}
,"/Users/moisesperez/Desktop/EOM/mobile-challenge/types/article.ts": {"path":"/Users/moisesperez/Desktop/EOM/mobile-challenge/types/article.ts","statementMap":{},"fnMap":{},"branchMap":{},"s":{},"f":{},"b":{}}
,"/Users/moisesperez/Desktop/EOM/mobile-challenge/utils/storage.ts": {"path":"/Users/moisesperez/Desktop/EOM/mobile-challenge/utils/storage.ts","statementMap":{"0":{"start":{"line":3,"column":29},"end":{"line":3,"column":48}},"1":{"start":{"line":8,"column":36},"end":{"line":20,"column":1}},"2":{"start":{"line":9,"column":2},"end":{"line":19,"column":3}},"3":{"start":{"line":10,"column":22},"end":{"line":10,"column":70}},"4":{"start":{"line":11,"column":4},"end":{"line":14,"column":5}},"5":{"start":{"line":12,"column":18},"end":{"line":12,"column":51}},"6":{"start":{"line":13,"column":6},"end":{"line":13,"column":26}},"7":{"start":{"line":15,"column":4},"end":{"line":15,"column":21}},"8":{"start":{"line":17,"column":4},"end":{"line":17,"column":63}},"9":{"start":{"line":18,"column":4},"end":{"line":18,"column":21}},"10":{"start":{"line":25,"column":37},"end":{"line":33,"column":1}},"11":{"start":{"line":26,"column":2},"end":{"line":32,"column":3}},"12":{"start":{"line":27,"column":21},"end":{"line":27,"column":36}},"13":{"start":{"line":28,"column":22},"end":{"line":28,"column":46}},"14":{"start":{"line":29,"column":4},"end":{"line":29,"column":64}},"15":{"start":{"line":31,"column":4},"end":{"line":31,"column":62}},"16":{"start":{"line":38,"column":38},"end":{"line":44,"column":1}},"17":{"start":{"line":39,"column":2},"end":{"line":43,"column":3}},"18":{"start":{"line":40,"column":4},"end":{"line":40,"column":56}},"19":{"start":{"line":42,"column":4},"end":{"line":42,"column":64}},"20":{"start":{"line":47,"column":30},"end":{"line":47,"column":50}},"21":{"start":{"line":52,"column":37},"end":{"line":64,"column":1}},"22":{"start":{"line":53,"column":2},"end":{"line":63,"column":3}},"23":{"start":{"line":54,"column":22},"end":{"line":54,"column":71}},"24":{"start":{"line":55,"column":4},"end":{"line":58,"column":5}},"25":{"start":{"line":56,"column":18},"end":{"line":56,"column":51}},"26":{"start":{"line":57,"column":6},"end":{"line":57,"column":26}},"27":{"start":{"line":59,"column":4},"end":{"line":59,"column":21}},"28":{"start":{"line":61,"column":4},"end":{"line":61,"column":64}},"29":{"start":{"line":62,"column":4},"end":{"line":62,"column":21}},"30":{"start":{"line":69,"column":38},"end":{"line":77,"column":1}},"31":{"start":{"line":70,"column":2},"end":{"line":76,"column":3}},"32":{"start":{"line":71,"column":21},"end":{"line":71,"column":36}},"33":{"start":{"line":72,"column":22},"end":{"line":72,"column":46}},"34":{"start":{"line":73,"column":4},"end":{"line":73,"column":65}},"35":{"start":{"line":75,"column":4},"end":{"line":75,"column":63}},"36":{"start":{"line":82,"column":39},"end":{"line":88,"column":1}},"37":{"start":{"line":83,"column":2},"end":{"line":87,"column":3}},"38":{"start":{"line":84,"column":4},"end":{"line":84,"column":57}},"39":{"start":{"line":86,"column":4},"end":{"line":86,"column":65}}},"fnMap":{"0":{"name":"(anonymous_0)","decl":{"start":{"line":8,"column":36},"end":{"line":8,"column":37}},"loc":{"start":{"line":8,"column":70},"end":{"line":20,"column":1}},"line":8},"1":{"name":"(anonymous_1)","decl":{"start":{"line":25,"column":37},"end":{"line":25,"column":38}},"loc":{"start":{"line":25,"column":80},"end":{"line":33,"column":1}},"line":25},"2":{"name":"(anonymous_2)","decl":{"start":{"line":38,"column":38},"end":{"line":38,"column":39}},"loc":{"start":{"line":38,"column":65},"end":{"line":44,"column":1}},"line":38},"3":{"name":"(anonymous_3)","decl":{"start":{"line":52,"column":37},"end":{"line":52,"column":38}},"loc":{"start":{"line":52,"column":71},"end":{"line":64,"column":1}},"line":52},"4":{"name":"(anonymous_4)","decl":{"start":{"line":69,"column":38},"end":{"line":69,"column":39}},"loc":{"start":{"line":69,"column":81},"end":{"line":77,"column":1}},"line":69},"5":{"name":"(anonymous_5)","decl":{"start":{"line":82,"column":39},"end":{"line":82,"column":40}},"loc":{"start":{"line":82,"column":66},"end":{"line":88,"column":1}},"line":82}},"branchMap":{"0":{"loc":{"start":{"line":11,"column":4},"end":{"line":14,"column":5}},"type":"if","locations":[{"start":{"line":11,"column":4},"end":{"line":14,"column":5}},{"start":{},"end":{}}],"line":11},"1":{"loc":{"start":{"line":55,"column":4},"end":{"line":58,"column":5}},"type":"if","locations":[{"start":{"line":55,"column":4},"end":{"line":58,"column":5}},{"start":{},"end":{}}],"line":55}},"s":{"0":1,"1":1,"2":4,"3":4,"4":3,"5":2,"6":1,"7":1,"8":2,"9":2,"10":1,"11":3,"12":3,"13":3,"14":3,"15":1,"16":1,"17":2,"18":2,"19":1,"20":1,"21":1,"22":0,"23":0,"24":0,"25":0,"26":0,"27":0,"28":0,"29":0,"30":1,"31":0,"32":0,"33":0,"34":0,"35":0,"36":1,"37":0,"38":0,"39":0},"f":{"0":4,"1":3,"2":2,"3":0,"4":0,"5":0},"b":{"0":[2,1],"1":[0,0]},"_coverageSchema":"1a1c01bbd47fc00a2c39e90264f33305004495a9","hash":"2f4361a8ba075c97bb52d635bb3d657cf590ec89"}
}
