TN:
SF:expo-env.d.ts
FNF:0
FNH:0
LF:0
LH:0
BRF:0
BRH:0
end_of_record
TN:
SF:.expo/types/router.d.ts
FNF:0
FNH:0
LF:0
LH:0
BRF:0
BRH:0
end_of_record
TN:
SF:api/hnApi.ts
FN:9,(anonymous_0)
FNF:1
FNH:0
FNDA:0,(anonymous_0)
DA:3,3
DA:5,3
DA:9,3
DA:10,0
DA:11,0
LF:5
LH:3
BRDA:9,0,0,0
BRF:1
BRH:0
end_of_record
TN:
SF:app/_layout.tsx
FN:30,(anonymous_0)
FN:33,(anonymous_1)
FN:37,(anonymous_2)
FN:46,RootLayout
FN:48,(anonymous_4)
FNF:5
FNH:0
FNDA:0,(anonymous_0)
FNDA:0,(anonymous_1)
FNDA:0,(anonymous_2)
FNDA:0,RootLayout
FNDA:0,(anonymous_4)
DA:15,0
DA:18,0
DA:29,0
DA:31,0
DA:34,0
DA:35,0
DA:38,0
DA:42,0
DA:47,0
DA:48,0
DA:49,0
DA:52,0
LF:12
LH:0
BRDA:35,0,0,0
BRDA:35,0,1,0
BRDA:57,1,0,0
BRDA:57,1,1,0
BRF:4
BRH:0
end_of_record
TN:
SF:app/article-webview.tsx
FN:7,ArticleWebViewScreen
FN:16,(anonymous_1)
FN:26,(anonymous_2)
FN:46,(anonymous_3)
FN:54,(anonymous_4)
FN:55,(anonymous_5)
FN:56,(anonymous_6)
FNF:7
FNH:1
FNDA:3,ArticleWebViewScreen
FNDA:0,(anonymous_1)
FNDA:0,(anonymous_2)
FNDA:0,(anonymous_3)
FNDA:0,(anonymous_4)
FNDA:0,(anonymous_5)
FNDA:0,(anonymous_6)
DA:8,3
DA:9,3
DA:10,3
DA:12,3
DA:13,1
DA:16,0
DA:23,2
DA:26,0
DA:46,0
DA:54,0
DA:55,0
DA:57,0
DA:58,0
DA:66,1
LF:14
LH:7
BRDA:12,0,0,1
BRDA:12,0,1,2
BRDA:30,1,0,2
BRDA:30,1,1,0
BRDA:35,2,0,2
BRDA:35,2,1,2
BRDA:42,3,0,0
BRDA:42,3,1,2
BRF:8
BRH:6
end_of_record
TN:
SF:app/(tabs)/_layout.tsx
FN:5,TabBarIcon
FN:12,TabLayout
FN:23,(anonymous_2)
FN:30,(anonymous_3)
FN:37,(anonymous_4)
FNF:5
FNH:0
FNDA:0,TabBarIcon
FNDA:0,TabLayout
FNDA:0,(anonymous_2)
FNDA:0,(anonymous_3)
FNDA:0,(anonymous_4)
DA:9,0
DA:13,0
DA:23,0
DA:30,0
DA:37,0
LF:5
LH:0
BRF:0
BRH:0
end_of_record
TN:
SF:app/(tabs)/_styles.ts
FNF:0
FNH:0
DA:3,0
LF:1
LH:0
BRF:0
BRH:0
end_of_record
TN:
SF:app/(tabs)/deleted.tsx
FN:13,DeletedScreen
FN:18,(anonymous_1)
FN:19,(anonymous_2)
FN:29,(anonymous_3)
FN:30,(anonymous_4)
FN:31,(anonymous_5)
FN:34,(anonymous_6)
FN:46,(anonymous_7)
FN:50,(anonymous_8)
FN:90,(anonymous_9)
FN:91,(anonymous_10)
FN:98,(anonymous_11)
FNF:12
FNH:4
FNDA:5,DeletedScreen
FNDA:0,(anonymous_1)
FNDA:0,(anonymous_2)
FNDA:5,(anonymous_3)
FNDA:3,(anonymous_4)
FNDA:3,(anonymous_5)
FNDA:0,(anonymous_6)
FNDA:0,(anonymous_7)
FNDA:0,(anonymous_8)
FNDA:0,(anonymous_9)
FNDA:0,(anonymous_10)
FNDA:0,(anonymous_11)
DA:14,5
DA:16,5
DA:18,0
DA:20,0
DA:21,0
DA:23,0
DA:29,5
DA:30,5
DA:31,5
DA:34,5
DA:35,0
DA:36,0
DA:38,0
DA:39,0
DA:46,5
DA:47,0
DA:50,5
DA:51,0
DA:54,5
DA:55,1
DA:64,4
DA:65,1
DA:74,3
DA:75,3
DA:86,0
DA:90,0
DA:92,0
DA:98,0
DA:117,1
LF:29
LH:15
BRDA:18,0,0,0
BRDA:20,1,0,0
BRDA:20,1,1,0
BRDA:30,2,0,5
BRDA:30,2,1,2
BRDA:35,3,0,0
BRDA:35,3,1,0
BRDA:36,4,0,0
BRDA:36,4,1,0
BRDA:38,5,0,0
BRDA:38,5,1,0
BRDA:54,6,0,1
BRDA:54,6,1,4
BRDA:54,7,0,5
BRDA:54,7,1,4
BRDA:64,8,0,1
BRDA:64,8,1,3
BRDA:74,9,0,3
BRDA:74,9,1,0
BRDA:111,10,0,0
BRDA:111,10,1,0
BRF:21
BRH:9
end_of_record
TN:
SF:app/(tabs)/favorites.tsx
FN:13,FavoritesScreen
FN:18,(anonymous_1)
FN:19,(anonymous_2)
FN:29,(anonymous_3)
FN:30,(anonymous_4)
FN:31,(anonymous_5)
FN:34,(anonymous_6)
FN:46,(anonymous_7)
FN:50,(anonymous_8)
FN:90,(anonymous_9)
FN:91,(anonymous_10)
FNF:11
FNH:4
FNDA:4,FavoritesScreen
FNDA:0,(anonymous_1)
FNDA:0,(anonymous_2)
FNDA:4,(anonymous_3)
FNDA:2,(anonymous_4)
FNDA:2,(anonymous_5)
FNDA:0,(anonymous_6)
FNDA:0,(anonymous_7)
FNDA:0,(anonymous_8)
FNDA:0,(anonymous_9)
FNDA:0,(anonymous_10)
DA:14,4
DA:16,4
DA:18,0
DA:20,0
DA:21,0
DA:23,0
DA:29,4
DA:30,4
DA:31,4
DA:34,4
DA:35,0
DA:36,0
DA:38,0
DA:39,0
DA:46,4
DA:47,0
DA:50,4
DA:51,0
DA:54,4
DA:55,1
DA:64,3
DA:65,1
DA:74,2
DA:75,2
DA:86,0
DA:90,0
DA:92,0
DA:114,1
LF:28
LH:15
BRDA:18,0,0,0
BRDA:20,1,0,0
BRDA:20,1,1,0
BRDA:30,2,0,4
BRDA:30,2,1,2
BRDA:35,3,0,0
BRDA:35,3,1,0
BRDA:36,4,0,0
BRDA:36,4,1,0
BRDA:38,5,0,0
BRDA:38,5,1,0
BRDA:54,6,0,1
BRDA:54,6,1,3
BRDA:54,7,0,4
BRDA:54,7,1,3
BRDA:64,8,0,1
BRDA:64,8,1,2
BRDA:74,9,0,2
BRDA:74,9,1,0
BRDA:108,10,0,0
BRDA:108,10,1,0
BRF:21
BRH:9
end_of_record
TN:
SF:app/(tabs)/index.tsx
FN:6,HomeScreen
FNF:1
FNH:1
FNDA:2,HomeScreen
DA:7,2
LF:1
LH:1
BRF:0
BRH:0
end_of_record
TN:
SF:components/ArticleItem/ArticleItem.tsx
FN:16,(anonymous_0)
FN:25,(anonymous_1)
FN:37,(anonymous_2)
FNF:3
FNH:2
FNDA:12,(anonymous_0)
FNDA:2,(anonymous_1)
FNDA:0,(anonymous_2)
DA:16,4
DA:22,12
DA:24,12
DA:25,2
DA:38,0
DA:39,0
LF:6
LH:4
BRDA:20,0,0,9
BRDA:28,1,0,12
BRDA:28,1,1,11
BRDA:34,2,0,12
BRDA:34,2,1,3
BRDA:43,3,0,1
BRDA:43,3,1,2
BRDA:45,4,0,1
BRDA:45,4,1,2
BRF:9
BRH:9
end_of_record
TN:
SF:components/ArticleItem/SwipeableArticleItem.tsx
FN:17,(anonymous_0)
FN:26,(anonymous_1)
FN:41,(anonymous_2)
FNF:3
FNH:1
FNDA:3,(anonymous_0)
FNDA:0,(anonymous_1)
FNDA:0,(anonymous_2)
DA:17,2
DA:24,3
DA:26,3
DA:30,0
DA:36,0
DA:42,0
DA:43,0
DA:53,3
DA:69,2
LF:9
LH:5
BRF:0
BRH:0
end_of_record
TN:
SF:components/ArticleItem/styles.ts
FNF:0
FNH:0
DA:3,4
LF:1
LH:1
BRF:0
BRH:0
end_of_record
TN:
SF:components/ArticleList/ArticleList.tsx
FN:12,(anonymous_0)
FN:14,(anonymous_1)
FN:15,(anonymous_2)
FN:16,(anonymous_3)
FN:17,(anonymous_4)
FN:18,(anonymous_5)
FN:19,(anonymous_6)
FN:32,(anonymous_7)
FN:33,(anonymous_8)
FN:44,(anonymous_9)
FN:45,(anonymous_10)
FN:46,(anonymous_11)
FN:49,(anonymous_12)
FN:61,(anonymous_13)
FN:65,(anonymous_14)
FN:69,(anonymous_15)
FN:75,(anonymous_16)
FN:101,(anonymous_17)
FN:108,(anonymous_18)
FN:109,(anonymous_19)
FNF:20
FNH:0
FNDA:0,(anonymous_0)
FNDA:0,(anonymous_1)
FNDA:0,(anonymous_2)
FNDA:0,(anonymous_3)
FNDA:0,(anonymous_4)
FNDA:0,(anonymous_5)
FNDA:0,(anonymous_6)
FNDA:0,(anonymous_7)
FNDA:0,(anonymous_8)
FNDA:0,(anonymous_9)
FNDA:0,(anonymous_10)
FNDA:0,(anonymous_11)
FNDA:0,(anonymous_12)
FNDA:0,(anonymous_13)
FNDA:0,(anonymous_14)
FNDA:0,(anonymous_15)
FNDA:0,(anonymous_16)
FNDA:0,(anonymous_17)
FNDA:0,(anonymous_18)
FNDA:0,(anonymous_19)
DA:12,0
DA:14,0
DA:15,0
DA:16,0
DA:17,0
DA:18,0
DA:19,0
DA:30,0
DA:32,0
DA:35,0
DA:36,0
DA:38,0
DA:44,0
DA:45,0
DA:46,0
DA:49,0
DA:50,0
DA:51,0
DA:53,0
DA:54,0
DA:61,0
DA:62,0
DA:65,0
DA:66,0
DA:69,0
DA:70,0
DA:71,0
DA:75,0
DA:76,0
DA:78,0
DA:85,0
DA:86,0
DA:93,0
DA:94,0
DA:101,0
DA:102,0
DA:105,0
DA:108,0
DA:110,0
LF:39
LH:0
BRDA:32,0,0,0
BRDA:35,1,0,0
BRDA:35,1,1,0
BRDA:45,2,0,0
BRDA:45,2,1,0
BRDA:50,3,0,0
BRDA:50,3,1,0
BRDA:51,4,0,0
BRDA:51,4,1,0
BRDA:53,5,0,0
BRDA:53,5,1,0
BRDA:70,6,0,0
BRDA:70,6,1,0
BRDA:70,7,0,0
BRDA:70,7,1,0
BRDA:76,8,0,0
BRDA:76,8,1,0
BRDA:85,9,0,0
BRDA:85,9,1,0
BRDA:85,10,0,0
BRDA:85,10,1,0
BRDA:93,11,0,0
BRDA:93,11,1,0
BRF:23
BRH:0
end_of_record
TN:
SF:components/ArticleList/styles.ts
FNF:0
FNH:0
DA:3,0
LF:1
LH:0
BRF:0
BRH:0
end_of_record
TN:
SF:hooks/use-color-scheme.ts
FNF:0
FNH:0
LF:0
LH:0
BRF:0
BRH:0
end_of_record
TN:
SF:hooks/use-color-scheme.web.ts
FN:7,useColorScheme
FN:10,(anonymous_1)
FNF:2
FNH:0
FNDA:0,useColorScheme
FNDA:0,(anonymous_1)
DA:8,0
DA:10,0
DA:11,0
DA:14,0
DA:16,0
DA:17,0
DA:20,0
LF:7
LH:0
BRDA:16,0,0,0
BRDA:16,0,1,0
BRF:2
BRH:0
end_of_record
TN:
SF:hooks/use-theme-color.ts
FN:9,useThemeColor
FNF:1
FNH:0
FNDA:0,useThemeColor
DA:13,0
DA:14,0
DA:16,0
DA:17,0
DA:19,0
LF:5
LH:0
BRDA:13,0,0,0
BRDA:13,0,1,0
BRDA:16,1,0,0
BRDA:16,1,1,0
BRF:4
BRH:0
end_of_record
TN:
SF:stores/articleStore.ts
FN:24,(anonymous_0)
FN:28,(anonymous_1)
FN:35,(anonymous_2)
FN:39,(anonymous_3)
FN:43,(anonymous_4)
FN:50,(anonymous_5)
FN:55,(anonymous_6)
FN:56,(anonymous_7)
FN:71,(anonymous_8)
FN:72,(anonymous_9)
FN:80,(anonymous_10)
FN:81,(anonymous_11)
FN:94,(anonymous_12)
FN:95,(anonymous_13)
FN:97,(anonymous_14)
FN:101,(anonymous_15)
FN:103,(anonymous_16)
FN:108,(anonymous_17)
FN:116,(anonymous_18)
FN:116,(anonymous_19)
FNF:20
FNH:17
FNDA:32,(anonymous_0)
FNDA:0,(anonymous_1)
FNDA:1,(anonymous_2)
FNDA:32,(anonymous_3)
FNDA:0,(anonymous_4)
FNDA:1,(anonymous_5)
FNDA:7,(anonymous_6)
FNDA:7,(anonymous_7)
FNDA:2,(anonymous_8)
FNDA:2,(anonymous_9)
FNDA:8,(anonymous_10)
FNDA:8,(anonymous_11)
FNDA:2,(anonymous_12)
FNDA:2,(anonymous_13)
FNDA:1,(anonymous_14)
FNDA:1,(anonymous_15)
FNDA:32,(anonymous_16)
FNDA:0,(anonymous_17)
FNDA:1,(anonymous_18)
FNDA:1,(anonymous_19)
DA:23,1
DA:24,1
DA:25,32
DA:26,31
DA:28,32
DA:29,0
DA:34,1
DA:36,1
DA:37,1
DA:41,32
DA:44,0
DA:48,1
DA:50,1
DA:56,7
DA:57,7
DA:58,7
DA:61,7
DA:62,7
DA:64,7
DA:72,2
DA:73,2
DA:74,2
DA:76,2
DA:81,8
DA:82,8
DA:84,8
DA:85,1
DA:87,7
DA:90,8
DA:94,2
DA:95,2
DA:97,1
DA:101,1
DA:103,32
DA:109,0
DA:116,1
DA:117,1
LF:37
LH:34
BRDA:25,0,0,31
BRDA:25,0,1,1
BRDA:84,1,0,1
BRDA:84,1,1,7
BRDA:112,2,0,0
BRDA:112,2,1,0
BRDA:113,3,0,0
BRDA:113,3,1,0
BRF:8
BRH:4
end_of_record
TN:
SF:types/article.ts
FNF:0
FNH:0
LF:0
LH:0
BRF:0
BRH:0
end_of_record
TN:
SF:utils/storage.ts
FN:8,(anonymous_0)
FN:25,(anonymous_1)
FN:38,(anonymous_2)
FN:52,(anonymous_3)
FN:69,(anonymous_4)
FN:82,(anonymous_5)
FNF:6
FNH:3
FNDA:4,(anonymous_0)
FNDA:3,(anonymous_1)
FNDA:2,(anonymous_2)
FNDA:0,(anonymous_3)
FNDA:0,(anonymous_4)
FNDA:0,(anonymous_5)
DA:3,1
DA:8,1
DA:9,4
DA:10,4
DA:11,3
DA:12,2
DA:13,1
DA:15,1
DA:17,2
DA:18,2
DA:25,1
DA:26,3
DA:27,3
DA:28,3
DA:29,3
DA:31,1
DA:38,1
DA:39,2
DA:40,2
DA:42,1
DA:47,1
DA:52,1
DA:53,0
DA:54,0
DA:55,0
DA:56,0
DA:57,0
DA:59,0
DA:61,0
DA:62,0
DA:69,1
DA:70,0
DA:71,0
DA:72,0
DA:73,0
DA:75,0
DA:82,1
DA:83,0
DA:84,0
DA:86,0
LF:40
LH:24
BRDA:11,0,0,2
BRDA:11,0,1,1
BRDA:55,1,0,0
BRDA:55,1,1,0
BRF:4
BRH:2
end_of_record
